<?xml version="1.0" encoding="UTF-8"?>
<!-- Generated by org.testng.reporters.JUnitXMLReporter -->
<testsuite ignored="0" hostname="sumanas-HP-EliteBook-850-G5" failures="1" tests="4" name="Test" time="69.674" errors="0" timestamp="2025-02-21T18:00:07 IST">
  <testcase classname="systemrooms.CreateSystemRooms" name="CreateSystemRoom" time="16.187"/>
  <testcase classname="systemrooms.EditSystemRooms" name="editsystemrooms" time="8.393"/>
  <testcase classname="systemrooms.CopySystemRooms" name="CopySystemRoom" time="2.373">
    <failure type="java.lang.AssertionError" message="CTEST001 expected:&amp;lt;CTEST001&amp;gt; but was:&amp;lt;Room copy failed!&amp;gt;">
      <![CDATA[java.lang.AssertionError: CTEST001 expected:<CTEST001> but was:<Room copy failed!>
at systemrooms.CopySystemRooms.CopySystemRoom(CopySystemRooms.java:65)
at java.base/java.util.ArrayList.forEach(ArrayList.java:1541)
... Removed 28 stack frames]]>
    </failure>
  </testcase> <!-- CopySystemRoom -->
  <testcase classname="systemrooms.DeleteSystemRooms" name="deletesystemrooms" time="2.203"/>
</testsuite> <!-- Test -->
