<?xml version="1.0" encoding="UTF-8"?>
<!-- Generated by org.testng.reporters.JUnitXMLReporter -->
<testsuite ignored="0" hostname="sumanas-HP-EliteBook-850-G5" failures="0" tests="3" name="Test" time="32.06" errors="0" timestamp="2025-02-21T18:26:19 IST">
  <testcase classname="academicterms.Createacademicterms" name="CreateSystemRoom" time="2.177"/>
  <testcase classname="academicterms.Editacademicterms" name="CreateSystemRoom" time="4.354"/>
  <testcase classname="academicterms.Deleteacademicterms" name="CreateSystemRoom" time="2.209"/>
</testsuite> <!-- Test -->
