<?xml version="1.0" encoding="UTF-8"?>
<testng-results ignored="0" total="3" passed="3" failed="0" skipped="0">
  <reporter-output>
  </reporter-output>
  <suite started-at="2025-03-06T17:35:48 IST" name="Suite" finished-at="2025-03-06T17:36:37 IST" duration-ms="48905">
    <groups>
    </groups>
    <test started-at="2025-03-06T17:35:48 IST" name="Test" finished-at="2025-03-06T17:36:37 IST" duration-ms="48905">
      <class name="academicterms.Delete">
        <test-method is-config="true" signature="setUp()[pri:0, instance:academicterms.Delete@5f8e8a9d]" started-at="2025-03-06T17:36:22 IST" name="setUp" finished-at="2025-03-06T17:36:30 IST" duration-ms="8619" status="PASS">
          <reporter-output>
          </reporter-output>
        </test-method> <!-- setUp -->
        <test-method signature="delete()[pri:0, instance:academicterms.Delete@5f8e8a9d]" started-at="2025-03-06T17:36:30 IST" name="delete" finished-at="2025-03-06T17:36:35 IST" duration-ms="4549" status="PASS">
          <reporter-output>
          </reporter-output>
        </test-method> <!-- delete -->
        <test-method is-config="true" signature="tearDown()[pri:0, instance:academicterms.Delete@5f8e8a9d]" started-at="2025-03-06T17:36:35 IST" name="tearDown" finished-at="2025-03-06T17:36:37 IST" duration-ms="1641" status="PASS">
          <reporter-output>
          </reporter-output>
        </test-method> <!-- tearDown -->
      </class> <!-- academicterms.Delete -->
      <class name="academicterms.Edit">
        <test-method is-config="true" signature="setUp()[pri:0, instance:academicterms.Edit@2de56eb2]" started-at="2025-03-06T17:36:05 IST" name="setUp" finished-at="2025-03-06T17:36:13 IST" duration-ms="8503" status="PASS">
          <reporter-output>
          </reporter-output>
        </test-method> <!-- setUp -->
        <test-method signature="edit()[pri:0, instance:academicterms.Edit@2de56eb2]" started-at="2025-03-06T17:36:13 IST" name="edit" finished-at="2025-03-06T17:36:20 IST" duration-ms="7262" status="PASS">
          <reporter-output>
          </reporter-output>
        </test-method> <!-- edit -->
        <test-method is-config="true" signature="tearDown()[pri:0, instance:academicterms.Edit@2de56eb2]" started-at="2025-03-06T17:36:20 IST" name="tearDown" finished-at="2025-03-06T17:36:22 IST" duration-ms="1499" status="PASS">
          <reporter-output>
          </reporter-output>
        </test-method> <!-- tearDown -->
      </class> <!-- academicterms.Edit -->
      <class name="academicterms.Create">
        <test-method is-config="true" signature="setUp()[pri:0, instance:academicterms.Create@24569dba]" started-at="2025-03-06T17:35:48 IST" name="setUp" finished-at="2025-03-06T17:36:00 IST" duration-ms="12559" status="PASS">
          <reporter-output>
          </reporter-output>
        </test-method> <!-- setUp -->
        <test-method signature="add()[pri:0, instance:academicterms.Create@24569dba]" started-at="2025-03-06T17:36:00 IST" name="add" finished-at="2025-03-06T17:36:04 IST" duration-ms="3266" status="PASS">
          <reporter-output>
          </reporter-output>
        </test-method> <!-- add -->
        <test-method is-config="true" signature="tearDown()[pri:0, instance:academicterms.Create@24569dba]" started-at="2025-03-06T17:36:04 IST" name="tearDown" finished-at="2025-03-06T17:36:05 IST" duration-ms="962" status="PASS">
          <reporter-output>
          </reporter-output>
        </test-method> <!-- tearDown -->
      </class> <!-- academicterms.Create -->
    </test> <!-- Test -->
  </suite> <!-- Suite -->
</testng-results>
