<?xml version="1.0" encoding="UTF-8"?>
<!-- Generated by org.testng.reporters.JUnitReportReporter -->
<testsuite hostname="sumanas-HP-EliteBook-850-G5" failures="0" tests="1" name="studentAttendanceReport.GenerateAttendanceReport" time="22.105" errors="0" timestamp="2025-02-21T13:16:08 IST" skipped="0">
  <testcase classname="studentAttendanceReport.GenerateAttendanceReport" name="downloadAttendanceReport" time="22.105"/>
  <system-out/>
</testsuite> <!-- studentAttendanceReport.GenerateAttendanceReport -->
